Dealing with LeNet.in
######### Using Theory1 #########
Total PE: 64 Total time: 96.39 CPU Used Ratio: 0.02
######### End #########
######### Using Theory2 #########
Total PE: 64 Total time: 2.30 CPU Used Ratio: 0.86
######### End #########
######### Using Theory3 #########
Total PE: 64 Total time: 10.81 CPU Used Ratio: 0.18
######### End #########

Dealing with alexnet_mnist.in
######### Using Theory1 #########
Total PE: 64 Total time: 1847.49 CPU Used Ratio: 0.03
######### End #########
######### Using Theory2 #########
Total PE: 64 Total time: 65.81 CPU Used Ratio: 0.90
######### End #########
######### Using Theory3 #########
Total PE: 64 Total time: 223.18 CPU Used Ratio: 0.26
######### End #########

Dealing with alexnet_oxflowers17.in
######### Using Theory1 #########
Total PE: 64 Total time: 6810.18 CPU Used Ratio: 0.03
######### End #########
######### Using Theory2 #########
Total PE: 64 Total time: 199.54 CPU Used Ratio: 0.86
######### End #########
######### Using Theory3 #########
Total PE: 64 Total time: 795.10 CPU Used Ratio: 0.22
######### End #########

Dealing with cnn_sentence_classif.in
######### Using Theory1 #########
Total PE: 64 Total time: 64.28 CPU Used Ratio: 0.03
######### End #########
######### Using Theory2 #########
Total PE: 64 Total time: 2.33 CPU Used Ratio: 0.83
######### End #########
######### Using Theory3 #########
Total PE: 64 Total time: 6.53 CPU Used Ratio: 0.30
######### End #########

Dealing with convnet_highway_mnist.in
######### Using Theory1 #########
Total PE: 64 Total time: 80.14 CPU Used Ratio: 0.03
######### End #########
######### Using Theory2 #########
Total PE: 64 Total time: 2.55 CPU Used Ratio: 0.84
######### End #########
######### Using Theory3 #########
Total PE: 64 Total time: 6.96 CPU Used Ratio: 0.31
######### End #########

Dealing with funll_count_dense_model.in
######### Using Theory1 #########
Total PE: 64 Total time: 2.31 CPU Used Ratio: 0.02
######### End #########
######### Using Theory2 #########
Total PE: 64 Total time: 0.06 CPU Used Ratio: 0.85
######### End #########
######### Using Theory3 #########
Total PE: 64 Total time: 0.16 CPU Used Ratio: 0.33
######### End #########

Dealing with googlenet_oxflowers17.in
######### Using Theory1 #########
Total PE: 64 Total time: 6814.14 CPU Used Ratio: 0.04
######### End #########
######### Using Theory2 #########
Total PE: 64 Total time: 299.99 CPU Used Ratio: 0.85
######### End #########
######### Using Theory3 #########
Total PE: 64 Total time: 585.17 CPU Used Ratio: 0.44
######### End #########

Dealing with resnet_cifar110.in
######### Using Theory1 #########
Total PE: 64 Total time: 5279.01 CPU Used Ratio: 0.03
######### End #########
######### Using Theory2 #########
Total PE: 64 Total time: 185.19 CPU Used Ratio: 0.83
######### End #########
######### Using Theory3 #########

######### End #########

Dealing with resnet_cifar18.in
######### Using Theory1 #########
Total PE: 64 Total time: 1845.63 CPU Used Ratio: 0.03
######### End #########
######### Using Theory2 #########
Total PE: 64 Total time: 63.05 CPU Used Ratio: 0.84
######### End #########
######### Using Theory3 #########

######### End #########

Dealing with resnet_cifar56.in
######### Using Theory1 #########
Total PE: 64 Total time: 2556.05 CPU Used Ratio: 0.03
######### End #########
######### Using Theory2 #########
Total PE: 64 Total time: 91.29 CPU Used Ratio: 0.84
######### End #########
######### Using Theory3 #########

######### End #########

Dealing with resnet_mnist.in
######### Using Theory1 #########
Total PE: 64 Total time: 2962.35 CPU Used Ratio: 0.03
######### End #########
######### Using Theory2 #########
Total PE: 64 Total time: 101.44 CPU Used Ratio: 0.84
######### End #########
######### Using Theory3 #########

######### End #########

Dealing with resnet_mnist_10.in
######### Using Theory1 #########
Total PE: 64 Total time: 3860.38 CPU Used Ratio: 0.03
######### End #########
######### Using Theory2 #########
Total PE: 64 Total time: 130.89 CPU Used Ratio: 0.84
######### End #########
######### Using Theory3 #########

######### End #########

Dealing with vgg_A-LEN.in
######### Using Theory1 #########
Total PE: 64 Total time: 20790.02 CPU Used Ratio: 0.03
######### End #########
######### Using Theory2 #########
Total PE: 64 Total time: 703.25 CPU Used Ratio: 0.83
######### End #########
######### Using Theory3 #########
Total PE: 64 Total time: 2259.28 CPU Used Ratio: 0.26
######### End #########

Dealing with vgg_A.in
######### Using Theory1 #########
Total PE: 64 Total time: 11040.78 CPU Used Ratio: 0.03
######### End #########
######### Using Theory2 #########
Total PE: 64 Total time: 337.10 CPU Used Ratio: 0.83
######### End #########
######### Using Theory3 #########
Total PE: 64 Total time: 1217.49 CPU Used Ratio: 0.23
######### End #########

Dealing with vgg_B.in
######### Using Theory1 #########
Total PE: 64 Total time: 16365.93 CPU Used Ratio: 0.03
######### End #########
######### Using Theory2 #########
Total PE: 64 Total time: 535.61 CPU Used Ratio: 0.83
######### End #########
######### Using Theory3 #########
Total PE: 64 Total time: 1591.63 CPU Used Ratio: 0.28
######### End #########

Dealing with vgg_C.in
######### Using Theory1 #########
Total PE: 64 Total time: 16990.41 CPU Used Ratio: 0.03
######### End #########
######### Using Theory2 #########
Total PE: 64 Total time: 560.27 CPU Used Ratio: 0.83
######### End #########
######### Using Theory3 #########
Total PE: 64 Total time: 1616.16 CPU Used Ratio: 0.29
######### End #########

Dealing with vgg_D.in
######### Using Theory1 #########
Total PE: 64 Total time: 23227.70 CPU Used Ratio: 0.03
######### End #########
######### Using Theory2 #########
Total PE: 64 Total time: 765.15 CPU Used Ratio: 0.83
######### End #########
######### Using Theory3 #########
Total PE: 64 Total time: 1875.99 CPU Used Ratio: 0.34
######### End #########

Dealing with vgg_E.in
######### Using Theory1 #########
Total PE: 64 Total time: 27759.38 CPU Used Ratio: 0.03
######### End #########
######### Using Theory2 #########
Total PE: 64 Total time: 896.04 CPU Used Ratio: 0.83
######### End #########
######### Using Theory3 #########
Total PE: 64 Total time: 1695.52 CPU Used Ratio: 0.44
######### End #########

Dealing with vgg_defoult.in
######### Using Theory1 #########
Total PE: 64 Total time: 22445.91 CPU Used Ratio: 0.03
######### End #########
######### Using Theory2 #########
Total PE: 64 Total time: 731.64 CPU Used Ratio: 0.83
######### End #########
######### Using Theory3 #########
Total PE: 64 Total time: 1619.46 CPU Used Ratio: 0.37
######### End #########

