DEALING WITH alexnet_mnist-tflearn.in
######### Using Theory1 #########
TotalTime:3395000 Kernel:1015000 Prelogue:1190000 Retiming:34 RunOnCache:1829952 RunOnDRAM:684736 MAXRatio:0.925929 CPURatio:0.601678
######### End #########
######### Using Theory2 #########
TotalTime:17851309 Kernel:5250385 Prelogue:6300462 Retiming:42 RunOnCache:1835424 RunOnDRAM:576 MAXRatio:0.346480 CPURatio:0.114428
######### End #########
######### Using Theory3 #########
TotalTime:16572548 Kernel:16572548 Prelogue:0 Retiming:0 RunOnCache:1832963 RunOnDRAM:675037 MAXRatio:0.123258 CPURatio:0.123258
######### End #########
DEALING WITH alexnet_mnist.in
######### Using Theory1 #########
TotalTime:6930000 Kernel:3780000 Prelogue:1575000 Retiming:45 RunOnCache:2138598 RunOnDRAM:1260798 MAXRatio:0.904443 CPURatio:0.702753
######### End #########
######### Using Theory2 #########
TotalTime:51712470 Kernel:18654270 Prelogue:16529100 Retiming:70 RunOnCache:2137200 RunOnDRAM:4800 MAXRatio:0.137497 CPURatio:0.094176
######### End #########
######### Using Theory3 #########
TotalTime:52271670 Kernel:52271670 Prelogue:0 Retiming:0 RunOnCache:2133953 RunOnDRAM:1262047 MAXRatio:0.093169 CPURatio:0.093169
######### End #########
DEALING WITH alexnet_oxflowers17.in
######### Using Theory1 #########
TotalTime:5040000 Kernel:2100000 Prelogue:1470000 Retiming:42 RunOnCache:1915559 RunOnDRAM:1129043 MAXRatio:0.957835 CPURatio:0.652669
######### End #########
######### Using Theory2 #########
TotalTime:87017000 Kernel:65568200 Prelogue:10724400 Retiming:60 RunOnCache:1901062 RunOnDRAM:18938 MAXRatio:0.561828 CPURatio:0.037802
######### End #########
######### Using Theory3 #########
TotalTime:65372120 Kernel:65372120 Prelogue:0 Retiming:0 RunOnCache:1908021 RunOnDRAM:1127979 MAXRatio:0.050319 CPURatio:0.050319
######### End #########
DEALING WITH cnn_sentence_classif.in
######### Using Theory1 #########
TotalTime:3270750 Kernel:2584750 Prelogue:343000 Retiming:28 RunOnCache:2404080 RunOnDRAM:769920 MAXRatio:0.911272 CPURatio:0.819121
######### End #########
######### Using Theory2 #########
TotalTime:19911036 Kernel:16872404 Prelogue:1519316 Retiming:19 RunOnCache:2402400 RunOnDRAM:12012 MAXRatio:0.145185 CPURatio:0.134556
######### End #########
######### Using Theory3 #########
TotalTime:39337896 Kernel:39337896 Prelogue:0 Retiming:0 RunOnCache:2408012 RunOnDRAM:765988 MAXRatio:0.068106 CPURatio:0.068106
######### End #########
DEALING WITH convnet_highway_mnist.in
######### Using Theory1 #########
TotalTime:3588496 Kernel:2256240 Prelogue:666128 Retiming:62 RunOnCache:7558278 RunOnDRAM:3841110 MAXRatio:0.936354 CPURatio:0.764579
######### End #########
######### Using Theory2 #########
TotalTime:79809912 Kernel:66069744 Prelogue:6870084 Retiming:47 RunOnCache:7556000 RunOnDRAM:22000 MAXRatio:0.037541 CPURatio:0.034378
######### End #########
######### Using Theory3 #########
TotalTime:96653374 Kernel:96653374 Prelogue:0 Retiming:0 RunOnCache:7559991 RunOnDRAM:3828009 MAXRatio:0.028387 CPURatio:0.028387
######### End #########
DEALING WITH dense_model.in
######### Using Theory1 #########
TotalTime:68440 Kernel:55680 Prelogue:6380 Retiming:22 RunOnCache:1873680 RunOnDRAM:71616 MAXRatio:0.962305 CPURatio:0.860585
######### End #########
######### Using Theory2 #########
TotalTime:1861749 Kernel:1737171 Prelogue:62289 Retiming:27 RunOnCache:1866000 RunOnDRAM:24000 MAXRatio:0.040833 CPURatio:0.031636
######### End #########
######### Using Theory3 #########
TotalTime:1149465 Kernel:1149465 Prelogue:0 Retiming:0 RunOnCache:1889990 RunOnDRAM:54010 MAXRatio:0.051240 CPURatio:0.051240
######### End #########
DEALING WITH googlenet_oxflowers17.in
######### Using Theory1 #########
TotalTime:38150000 Kernel:31780000 Prelogue:3185000 Retiming:91 RunOnCache:7770000 RunOnDRAM:7752000 MAXRatio:0.933655 CPURatio:0.856564
######### End #########
######### Using Theory2 #########
TotalTime:137590360 Kernel:1399224 Prelogue:68095568 Retiming:146 RunOnCache:7742400 RunOnDRAM:45600 MAXRatio:0.467086 CPURatio:0.237502
######### End #########
######### Using Theory3 #########
TotalTime:1099748878 Kernel:1099748878 Prelogue:0 Retiming:0 RunOnCache:7601897 RunOnDRAM:7920103 MAXRatio:0.029714 CPURatio:0.029714
######### End #########
DEALING WITH vgg_A-LEN.in
######### Using Theory1 #########
TotalTime:16065000 Kernel:11865000 Prelogue:2100000 Retiming:60 RunOnCache:2827600 RunOnDRAM:1936400 MAXRatio:0.912402 CPURatio:0.795121
######### End #########
######### Using Theory2 #########
TotalTime:66533920 Kernel:14724720 Prelogue:25904600 Retiming:95 RunOnCache:2868000 RunOnDRAM:24000 MAXRatio:0.312298 CPURatio:0.191987
######### End #########
######### Using Theory3 #########
TotalTime:730371183 Kernel:730371183 Prelogue:0 Retiming:0 RunOnCache:2847973 RunOnDRAM:1916027 MAXRatio:0.017489 CPURatio:0.017489
######### End #########
DEALING WITH vgg_A.in
######### Using Theory1 #########
TotalTime:10395000 Kernel:7035000 Prelogue:1680000 Retiming:48 RunOnCache:2527250 RunOnDRAM:1642750 MAXRatio:0.903707 CPURatio:0.760696
######### End #########
######### Using Theory2 #########
TotalTime:42095520 Kernel:12445632 Prelogue:14824944 Retiming:81 RunOnCache:2574000 RunOnDRAM:24000 MAXRatio:0.288029 CPURatio:0.187845
######### End #########
######### Using Theory3 #########
TotalTime:416384655 Kernel:416384655 Prelogue:0 Retiming:0 RunOnCache:2556019 RunOnDRAM:1613981 MAXRatio:0.018991 CPURatio:0.018991
######### End #########
DEALING WITH vgg_B.in
######### Using Theory1 #########
TotalTime:12460000 Kernel:8470000 Prelogue:1995000 Retiming:57 RunOnCache:2776800 RunOnDRAM:1873200 MAXRatio:0.915902 CPURatio:0.771827
######### End #########
######### Using Theory2 #########
TotalTime:51835680 Kernel:12526956 Prelogue:19654362 Retiming:91 RunOnCache:2836800 RunOnDRAM:13200 MAXRatio:0.296845 CPURatio:0.185528
######### End #########
######### Using Theory3 #########
TotalTime:610549660 Kernel:610549660 Prelogue:0 Retiming:0 RunOnCache:2801896 RunOnDRAM:1848104 MAXRatio:0.015751 CPURatio:0.015751
######### End #########
DEALING WITH vgg_C.in
######### Using Theory1 #########
TotalTime:13335000 Kernel:8715000 Prelogue:2310000 Retiming:66 RunOnCache:3181804 RunOnDRAM:2185772 MAXRatio:0.922914 CPURatio:0.764952
######### End #########
######### Using Theory2 #########
TotalTime:56948224 Kernel:9343068 Prelogue:23802578 Retiming:107 RunOnCache:3195600 RunOnDRAM:26400 MAXRatio:0.305700 CPURatio:0.179121
######### End #########
######### Using Theory3 #########
TotalTime:677897277 Kernel:677897277 Prelogue:0 Retiming:0 RunOnCache:3131998 RunOnDRAM:2232002 MAXRatio:0.015047 CPURatio:0.015047
######### End #########
DEALING WITH vgg_D.in
######### Using Theory1 #########
TotalTime:14980000 Kernel:11200000 Prelogue:1890000 Retiming:54 RunOnCache:3162000 RunOnDRAM:2190000 MAXRatio:0.908032 CPURatio:0.795589
######### End #########
######### Using Theory2 #########
TotalTime:64946460 Kernel:10951756 Prelogue:26997352 Retiming:106 RunOnCache:3181200 RunOnDRAM:28800 MAXRatio:0.311956 CPURatio:0.183504
######### End #########
######### Using Theory3 #########
TotalTime:751057335 Kernel:751057335 Prelogue:0 Retiming:0 RunOnCache:3137971 RunOnDRAM:2214029 MAXRatio:0.015868 CPURatio:0.015868
######### End #########
DEALING WITH vgg_E.in
######### Using Theory1 #########
TotalTime:19950000 Kernel:14980000 Prelogue:2485000 Retiming:71 RunOnCache:3508000 RunOnDRAM:2546000 MAXRatio:0.944913 CPURatio:0.828871
######### End #########
######### Using Theory2 #########
TotalTime:90426780 Kernel:9377592 Prelogue:40524594 Retiming:121 RunOnCache:3548400 RunOnDRAM:21600 MAXRatio:0.329159 CPURatio:0.182866
######### End #########
######### Using Theory3 #########
TotalTime:952912403 Kernel:952912403 Prelogue:0 Retiming:0 RunOnCache:3426010 RunOnDRAM:2627990 MAXRatio:0.017353 CPURatio:0.017353
######### End #########
DEALING WITH vgg_defoult.in
######### Using Theory1 #########
TotalTime:14805000 Kernel:11375000 Prelogue:1715000 Retiming:49 RunOnCache:2970000 RunOnDRAM:2010000 MAXRatio:0.909323 CPURatio:0.806138
######### End #########
######### Using Theory2 #########
TotalTime:62485072 Kernel:12901776 Prelogue:24791648 Retiming:98 RunOnCache:2998800 RunOnDRAM:19200 MAXRatio:0.314519 CPURatio:0.191003
######### End #########
######### Using Theory3 #########
TotalTime:735089409 Kernel:735089409 Prelogue:0 Retiming:0 RunOnCache:2957939 RunOnDRAM:2022061 MAXRatio:0.016236 CPURatio:0.016236
######### End #########
