Dealing with LeNet.in
######### Using Theory2 #########
Total PE: 512 Total time: 0.28 CPU Used Ratio: 0.87
######### End #########
######### Using Theory3 #########
Total PE: 512 Total time: 1.65 CPU Used Ratio: 0.15 NOR Prelogue:25 RES Prelogue:23
######### End #########
######### Using TheoryDAC #########
Total PE: 512 Total time: 2.99 CPU Used Ratio: 0.08 Prelogue:17
######### End #########

Dealing with alexnet_mnist.in
######### Using Theory2 #########
Total PE: 512 Total time: 8.04 CPU Used Ratio: 0.92
######### End #########
######### Using Theory3 #########
Total PE: 512 Total time: 76.90 CPU Used Ratio: 0.10 NOR Prelogue:77 RES Prelogue:71
######### End #########
######### Using TheoryDAC #########
Total PE: 512 Total time: 138.79 CPU Used Ratio: 0.05 Prelogue:38
######### End #########

Dealing with alexnet_oxflowers17.in
######### Using Theory2 #########
Total PE: 512 Total time: 23.90 CPU Used Ratio: 0.90
######### End #########
######### Using Theory3 #########
Total PE: 512 Total time: 276.84 CPU Used Ratio: 0.08 NOR Prelogue:86 RES Prelogue:45
######### End #########
######### Using TheoryDAC #########
Total PE: 512 Total time: 469.58 CPU Used Ratio: 0.05 Prelogue:34
######### End #########

Dealing with cnn_sentence_classif.in
######### Using Theory2 #########
Total PE: 512 Total time: 0.27 CPU Used Ratio: 0.91
######### End #########
######### Using Theory3 #########
Total PE: 512 Total time: 1.75 CPU Used Ratio: 0.14 NOR Prelogue:55 RES Prelogue:40
######### End #########
######### Using TheoryDAC #########
Total PE: 512 Total time: 3.26 CPU Used Ratio: 0.07 Prelogue:21
######### End #########

Dealing with convnet_highway_mnist.in
######### Using Theory2 #########
Total PE: 512 Total time: 0.30 CPU Used Ratio: 0.89
######### End #########
######### Using Theory3 #########
Total PE: 512 Total time: 3.45 CPU Used Ratio: 0.08 RES Prelogue:180
######### End #########
######### Using TheoryDAC #########
Total PE: 512 Total time: 7.42 CPU Used Ratio: 0.04 Prelogue:85
######### End #########

Dealing with funll_count_dense_model.in
######### Using Theory2 #########
Total PE: 512 Total time: 0.01 CPU Used Ratio: 0.89
######### End #########
######### Using Theory3 #########
Total PE: 512 Total time: 0.04 CPU Used Ratio: 0.16 NOR Prelogue:41 RES Prelogue:48
######### End #########
######### Using TheoryDAC #########
Total PE: 512 Total time: 0.08 CPU Used Ratio: 0.08 Prelogue:25
######### End #########

Dealing with googlenet_oxflowers17.in
######### Using Theory2 #########
Total PE: 512 Total time: 35.00 CPU Used Ratio: 0.91
######### End #########
######### Using Theory3 #########
Total PE: 512 Total time: 198.76 CPU Used Ratio: 0.16 RES Prelogue:71
######### End #########
######### Using TheoryDAC #########
Total PE: 512 Total time: 684.68 CPU Used Ratio: 0.05 Prelogue:53
######### End #########

Dealing with vgg_A-LEN.in
######### Using Theory2 #########
Total PE: 512 Total time: 83.76 CPU Used Ratio: 0.87
######### End #########
######### Using Theory3 #########
Total PE: 512 Total time: 513.60 CPU Used Ratio: 0.14 RES Prelogue:57
######### End #########
######### Using TheoryDAC #########
Total PE: 512 Total time: 1980.32 CPU Used Ratio: 0.04 Prelogue:42
######### End #########

Dealing with vgg_A.in
######### Using Theory2 #########
Total PE: 512 Total time: 39.80 CPU Used Ratio: 0.88
######### End #########
######### Using Theory3 #########
Total PE: 512 Total time: 333.10 CPU Used Ratio: 0.10 RES Prelogue:68
######### End #########
######### Using TheoryDAC #########
Total PE: 512 Total time: 862.65 CPU Used Ratio: 0.04 Prelogue:44
######### End #########

Dealing with vgg_B.in
######### Using Theory2 #########
Total PE: 512 Total time: 63.47 CPU Used Ratio: 0.88
######### End #########
######### Using Theory3 #########
Total PE: 512 Total time: 394.86 CPU Used Ratio: 0.14 RES Prelogue:60
######### End #########
######### Using TheoryDAC #########
Total PE: 512 Total time: 1494.81 CPU Used Ratio: 0.04 Prelogue:42
######### End #########

Dealing with vgg_C.in
######### Using Theory2 #########
Total PE: 512 Total time: 66.06 CPU Used Ratio: 0.88
######### End #########
######### Using Theory3 #########
Total PE: 512 Total time: 416.53 CPU Used Ratio: 0.14 RES Prelogue:67
######### End #########
######### Using TheoryDAC #########
Total PE: 512 Total time: 1729.46 CPU Used Ratio: 0.03 Prelogue:47
######### End #########

Dealing with vgg_D.in
######### Using Theory2 #########
Total PE: 512 Total time: 90.41 CPU Used Ratio: 0.88
######### End #########
######### Using Theory3 #########
Total PE: 512 Total time: 520.82 CPU Used Ratio: 0.15 RES Prelogue:70
######### End #########
######### Using TheoryDAC #########
Total PE: 512 Total time: 2242.00 CPU Used Ratio: 0.04 Prelogue:48
######### End #########

Dealing with vgg_E.in
######### Using Theory2 #########
Total PE: 512 Total time: 106.04 CPU Used Ratio: 0.88
######### End #########
######### Using Theory3 #########
Total PE: 512 Total time: 563.91 CPU Used Ratio: 0.17 RES Prelogue:76
######### End #########
######### Using TheoryDAC #########
Total PE: 512 Total time: 2628.93 CPU Used Ratio: 0.04 Prelogue:49
######### End #########

Dealing with vgg_defoult.in
######### Using Theory2 #########
Total PE: 512 Total time: 86.59 CPU Used Ratio: 0.88
######### End #########
######### Using Theory3 #########
Total PE: 512 Total time: 484.39 CPU Used Ratio: 0.16 RES Prelogue:64
######### End #########
######### Using TheoryDAC #########
Total PE: 512 Total time: 1885.77 CPU Used Ratio: 0.04 Prelogue:41
######### End #########


