Dealing with LeNet.in
######### Using Theory2 #########
Total PE: 1024 Total time: 0.19 CPU Used Ratio: 0.65
######### End #########
######### Using Theory3 #########
Total PE: 1024 Total time: 1.53 CPU Used Ratio: 0.08 NOR Prelogue:25 RES Prelogue:20
######### End #########
######### Using TheoryDAC #########
Total PE: 1024 Total time: 2.51 CPU Used Ratio: 0.05 Prelogue:18
######### End #########

Dealing with alexnet_mnist.in
######### Using Theory2 #########
Total PE: 1024 Total time: 5.11 CPU Used Ratio: 0.73
######### End #########
######### Using Theory3 #########
Total PE: 1024 Total time: 72.15 CPU Used Ratio: 0.05 NOR Prelogue:77 RES Prelogue:64
######### End #########
######### Using TheoryDAC #########
Total PE: 1024 Total time: 119.37 CPU Used Ratio: 0.03 Prelogue:40
######### End #########

Dealing with alexnet_oxflowers17.in
######### Using Theory2 #########
Total PE: 1024 Total time: 14.47 CPU Used Ratio: 0.75
######### End #########
######### Using Theory3 #########
Total PE: 1024 Total time: 269.68 CPU Used Ratio: 0.04 NOR Prelogue:86 RES Prelogue:45
######### End #########
######### Using TheoryDAC #########
Total PE: 1024 Total time: 391.31 CPU Used Ratio: 0.03 Prelogue:36
######### End #########

Dealing with cnn_sentence_classif.in
######### Using Theory2 #########
Total PE: 1024 Total time: 0.18 CPU Used Ratio: 0.67
######### End #########
######### Using Theory3 #########
Total PE: 1024 Total time: 1.64 CPU Used Ratio: 0.07 NOR Prelogue:55 RES Prelogue:42
######### End #########
######### Using TheoryDAC #########
Total PE: 1024 Total time: 2.65 CPU Used Ratio: 0.05 Prelogue:26
######### End #########

Dealing with convnet_highway_mnist.in
######### Using Theory2 #########
Total PE: 1024 Total time: 0.19 CPU Used Ratio: 0.71
######### End #########
######### Using Theory3 #########
Total PE: 1024 Total time: 3.76 CPU Used Ratio: 0.04 RES Prelogue:205
######### End #########
######### Using TheoryDAC #########
Total PE: 1024 Total time: 6.40 CPU Used Ratio: 0.02 Prelogue:96
######### End #########

Dealing with funll_count_dense_model.in
######### Using Theory2 #########
Total PE: 1024 Total time: 0.01 CPU Used Ratio: 0.60
######### End #########
######### Using Theory3 #########
Total PE: 1024 Total time: 0.04 CPU Used Ratio: 0.09 NOR Prelogue:41 RES Prelogue:48
######### End #########
######### Using TheoryDAC #########
Total PE: 1024 Total time: 0.07 CPU Used Ratio: 0.05 Prelogue:25
######### End #########

Dealing with googlenet_oxflowers17.in
######### Using Theory2 #########
Total PE: 1024 Total time: 20.77 CPU Used Ratio: 0.77
######### End #########
######### Using Theory3 #########
Total PE: 1024 Total time: 174.63 CPU Used Ratio: 0.09 RES Prelogue:77
######### End #########
######### Using TheoryDAC #########
Total PE: 1024 Total time: 395.07 CPU Used Ratio: 0.04 Prelogue:53
######### End #########

Dealing with vgg_A-LEN.in
######### Using Theory2 #########
Total PE: 1024 Total time: 52.21 CPU Used Ratio: 0.70
######### End #########
######### Using Theory3 #########
Total PE: 1024 Total time: 636.36 CPU Used Ratio: 0.06 NOR Prelogue:88 RES Prelogue:52
######### End #########
######### Using TheoryDAC #########
Total PE: 1024 Total time: 1066.58 CPU Used Ratio: 0.03 Prelogue:43
######### End #########

Dealing with vgg_A.in
######### Using Theory2 #########
Total PE: 1024 Total time: 25.58 CPU Used Ratio: 0.69
######### End #########
######### Using Theory3 #########
Total PE: 1024 Total time: 281.72 CPU Used Ratio: 0.06 NOR Prelogue:69 RES Prelogue:52
######### End #########
######### Using TheoryDAC #########
Total PE: 1024 Total time: 648.85 CPU Used Ratio: 0.03 Prelogue:42
######### End #########

Dealing with vgg_B.in
######### Using Theory2 #########
Total PE: 1024 Total time: 39.29 CPU Used Ratio: 0.71
######### End #########
######### Using Theory3 #########
Total PE: 1024 Total time: 514.52 CPU Used Ratio: 0.05 NOR Prelogue:93 RES Prelogue:61
######### End #########
######### Using TheoryDAC #########
Total PE: 1024 Total time: 1075.70 CPU Used Ratio: 0.03 Prelogue:44
######### End #########

Dealing with vgg_C.in
######### Using Theory2 #########
Total PE: 1024 Total time: 41.10 CPU Used Ratio: 0.71
######### End #########
######### Using Theory3 #########
Total PE: 1024 Total time: 521.44 CPU Used Ratio: 0.06 NOR Prelogue:99 RES Prelogue:129
######### End #########
######### Using TheoryDAC #########
Total PE: 1024 Total time: 1263.47 CPU Used Ratio: 0.02 Prelogue:51
######### End #########

Dealing with vgg_D.in
######### Using Theory2 #########
Total PE: 1024 Total time: 55.64 CPU Used Ratio: 0.71
######### End #########
######### Using Theory3 #########
Total PE: 1024 Total time: 654.19 CPU Used Ratio: 0.06 NOR Prelogue:89 RES Prelogue:132
######### End #########
######### Using TheoryDAC #########
Total PE: 1024 Total time: 1565.60 CPU Used Ratio: 0.03 Prelogue:50
######### End #########

Dealing with vgg_E.in
######### Using Theory2 #########
Total PE: 1024 Total time: 65.50 CPU Used Ratio: 0.71
######### End #########
######### Using Theory3 #########
Total PE: 1024 Total time: 453.42 CPU Used Ratio: 0.10 RES Prelogue:77
######### End #########
######### Using TheoryDAC #########
Total PE: 1024 Total time: 1707.60 CPU Used Ratio: 0.03 Prelogue:50
######### End #########

Dealing with vgg_defoult.in
######### Using Theory2 #########
Total PE: 1024 Total time: 53.83 CPU Used Ratio: 0.71
######### End #########
######### Using Theory3 #########
Total PE: 1024 Total time: 440.56 CPU Used Ratio: 0.09 NOR Prelogue:80 RES Prelogue:74
######### End #########
######### Using TheoryDAC #########
Total PE: 1024 Total time: 1152.46 CPU Used Ratio: 0.03 Prelogue:40
######### End #########

