Dealing with LeNet.in
######### Using Theory2 #########
Total PE: 32 Total time: 3.97 CPU Used Ratio: 0.99
######### End #########
######### Using Theory3 #########
Total PE: 32 Total time: 5.93 CPU Used Ratio: 0.66 RES Prelogue:26
######### End #########
######### Using TheoryDAC #########
Total PE: 32 Total time: 8.05 CPU Used Ratio: 0.49 Prelogue:14
######### End #########

Dealing with alexnet_mnist.in
######### Using Theory2 #########
Total PE: 32 Total time: 118.69 CPU Used Ratio: 0.99
######### End #########
######### Using Theory3 #########
Total PE: 32 Total time: 180.40 CPU Used Ratio: 0.65 RES Prelogue:66
######### End #########
######### Using TheoryDAC #########
Total PE: 32 Total time: 379.68 CPU Used Ratio: 0.31 Prelogue:33
######### End #########

Dealing with alexnet_oxflowers17.in
######### Using Theory2 #########
Total PE: 32 Total time: 347.31 CPU Used Ratio: 0.99
######### End #########
######### Using Theory3 #########
Total PE: 32 Total time: 560.53 CPU Used Ratio: 0.61 RES Prelogue:56
######### End #########
######### Using TheoryDAC #########
Total PE: 32 Total time: 1164.30 CPU Used Ratio: 0.30 Prelogue:35
######### End #########

Dealing with cnn_sentence_classif.in
######### Using Theory2 #########
Total PE: 32 Total time: 3.89 CPU Used Ratio: 1.00
######### End #########
######### Using Theory3 #########
Total PE: 32 Total time: 5.69 CPU Used Ratio: 0.68 RES Prelogue:47
######### End #########
######### Using TheoryDAC #########
Total PE: 32 Total time: 10.91 CPU Used Ratio: 0.36 Prelogue:26
######### End #########

Dealing with convnet_highway_mnist.in
######### Using Theory2 #########
Total PE: 32 Total time: 4.28 CPU Used Ratio: 1.00
######### End #########
######### Using Theory3 #########
Total PE: 32 Total time: 8.19 CPU Used Ratio: 0.52 RES Prelogue:213
######### End #########
######### Using TheoryDAC #########
Total PE: 32 Total time: 26.56 CPU Used Ratio: 0.16 Prelogue:89
######### End #########

Dealing with funll_count_dense_model.in
######### Using Theory2 #########
Total PE: 32 Total time: 0.10 CPU Used Ratio: 1.00
######### End #########
######### Using Theory3 #########
Total PE: 32 Total time: 0.14 CPU Used Ratio: 0.72 RES Prelogue:48
######### End #########
######### Using TheoryDAC #########
Total PE: 32 Total time: 0.27 CPU Used Ratio: 0.38 Prelogue:27
######### End #########

Dealing with googlenet_oxflowers17.in
######### Using Theory2 #########
Total PE: 32 Total time: 512.01 CPU Used Ratio: 1.00
######### End #########
######### Using Theory3 #########
Total PE: 32 Total time: 807.87 CPU Used Ratio: 0.63 RES Prelogue:97
######### End #########
######### Using TheoryDAC #########
Total PE: 32 Total time: 1834.72 CPU Used Ratio: 0.28 Prelogue:52
######### End #########

Dealing with vgg_A-LEN.in
######### Using Theory2 #########
Total PE: 32 Total time: 1173.62 CPU Used Ratio: 0.99
######### End #########
######### Using Theory3 #########
Total PE: 32 Total time: 1940.20 CPU Used Ratio: 0.60 RES Prelogue:81
######### End #########
######### Using TheoryDAC #########
Total PE: 32 Total time: 3773.33 CPU Used Ratio: 0.31 Prelogue:33
######### End #########

Dealing with vgg_A.in
######### Using Theory2 #########
Total PE: 32 Total time: 563.34 CPU Used Ratio: 0.99
######### End #########
######### Using Theory3 #########
Total PE: 32 Total time: 976.83 CPU Used Ratio: 0.57 RES Prelogue:75
######### End #########
######### Using TheoryDAC #########
Total PE: 32 Total time: 2096.68 CPU Used Ratio: 0.27 Prelogue:41
######### End #########

Dealing with vgg_B.in
######### Using Theory2 #########
Total PE: 32 Total time: 896.21 CPU Used Ratio: 0.99
######### End #########
######### Using Theory3 #########
Total PE: 32 Total time: 1426.33 CPU Used Ratio: 0.62 RES Prelogue:76
######### End #########
######### Using TheoryDAC #########
Total PE: 32 Total time: 3167.41 CPU Used Ratio: 0.28 Prelogue:38
######### End #########

Dealing with vgg_C.in
######### Using Theory2 #########
Total PE: 32 Total time: 933.54 CPU Used Ratio: 0.99
######### End #########
######### Using Theory3 #########
Total PE: 32 Total time: 1545.49 CPU Used Ratio: 0.60 RES Prelogue:84
######### End #########
######### Using TheoryDAC #########
Total PE: 32 Total time: 3373.85 CPU Used Ratio: 0.27 Prelogue:39
######### End #########

Dealing with vgg_D.in
######### Using Theory2 #########
Total PE: 32 Total time: 1277.91 CPU Used Ratio: 0.99
######### End #########
######### Using Theory3 #########
Total PE: 32 Total time: 2048.98 CPU Used Ratio: 0.62 RES Prelogue:103
######### End #########
######### Using TheoryDAC #########
Total PE: 32 Total time: 4457.02 CPU Used Ratio: 0.28 Prelogue:37
######### End #########

Dealing with vgg_E.in
######### Using Theory2 #########
Total PE: 32 Total time: 1500.25 CPU Used Ratio: 0.99
######### End #########
######### Using Theory3 #########
Total PE: 32 Total time: 2407.97 CPU Used Ratio: 0.62 RES Prelogue:120
######### End #########
######### Using TheoryDAC #########
Total PE: 32 Total time: 5808.69 CPU Used Ratio: 0.26 Prelogue:54
######### End #########

Dealing with vgg_defoult.in
######### Using Theory2 #########
Total PE: 32 Total time: 1222.87 CPU Used Ratio: 0.99
######### End #########
######### Using Theory3 #########
Total PE: 32 Total time: 1876.59 CPU Used Ratio: 0.65 RES Prelogue:91
######### End #########
######### Using TheoryDAC #########
Total PE: 32 Total time: 4178.93 CPU Used Ratio: 0.29 Prelogue:36
######### End #########

