Dealing with LeNet.in
######### Using Theory2 #########
Total PE: 128 Total time: 1.02 CPU Used Ratio: 0.97
######### End #########
######### Using Theory3 #########
Total PE: 128 Total time: 2.63 CPU Used Ratio: 0.37 NOR Prelogue:27 RES Prelogue:27
######### End #########
######### Using TheoryDAC #########
Total PE: 128 Total time: 4.16 CPU Used Ratio: 0.24 Prelogue:11
######### End #########

Dealing with alexnet_mnist.in
######### Using Theory2 #########
Total PE: 128 Total time: 30.12 CPU Used Ratio: 0.98
######### End #########
######### Using Theory3 #########
Total PE: 128 Total time: 83.38 CPU Used Ratio: 0.35 RES Prelogue:54
######### End #########
######### Using TheoryDAC #########
Total PE: 128 Total time: 268.03 CPU Used Ratio: 0.11 Prelogue:30
######### End #########

Dealing with alexnet_oxflowers17.in
######### Using Theory2 #########
Total PE: 128 Total time: 88.41 CPU Used Ratio: 0.97
######### End #########
######### Using Theory3 #########
Total PE: 128 Total time: 245.61 CPU Used Ratio: 0.35 RES Prelogue:45
######### End #########
######### Using TheoryDAC #########
Total PE: 128 Total time: 781.15 CPU Used Ratio: 0.11 Prelogue:30
######### End #########

Dealing with cnn_sentence_classif.in
######### Using Theory2 #########
Total PE: 128 Total time: 0.99 CPU Used Ratio: 0.98
######### End #########
######### Using Theory3 #########
Total PE: 128 Total time: 2.42 CPU Used Ratio: 0.40 RES Prelogue:43
######### End #########
######### Using TheoryDAC #########
Total PE: 128 Total time: 6.29 CPU Used Ratio: 0.15 Prelogue:19
######### End #########

Dealing with convnet_highway_mnist.in
######### Using Theory2 #########
Total PE: 128 Total time: 1.09 CPU Used Ratio: 0.98
######### End #########
######### Using Theory3 #########
Total PE: 128 Total time: 3.72 CPU Used Ratio: 0.29 RES Prelogue:148
######### End #########
######### Using TheoryDAC #########
Total PE: 128 Total time: 17.84 CPU Used Ratio: 0.06 Prelogue:71
######### End #########

Dealing with funll_count_dense_model.in
######### Using Theory2 #########
Total PE: 128 Total time: 0.03 CPU Used Ratio: 1.00
######### End #########
######### Using Theory3 #########
Total PE: 128 Total time: 0.05 CPU Used Ratio: 0.49 RES Prelogue:30
######### End #########
######### Using TheoryDAC #########
Total PE: 128 Total time: 0.13 CPU Used Ratio: 0.20 Prelogue:17
######### End #########

Dealing with googlenet_oxflowers17.in
######### Using Theory2 #########
Total PE: 128 Total time: 129.99 CPU Used Ratio: 0.98
######### End #########
######### Using Theory3 #########
Total PE: 128 Total time: 318.62 CPU Used Ratio: 0.40 RES Prelogue:83
######### End #########
######### Using TheoryDAC #########
Total PE: 128 Total time: 1308.31 CPU Used Ratio: 0.10 Prelogue:47
######### End #########

Dealing with vgg_A-LEN.in
######### Using Theory2 #########
Total PE: 128 Total time: 301.45 CPU Used Ratio: 0.97
######### End #########
######### Using Theory3 #########
Total PE: 128 Total time: 873.67 CPU Used Ratio: 0.33 RES Prelogue:59
######### End #########
######### Using TheoryDAC #########
Total PE: 128 Total time: 2998.86 CPU Used Ratio: 0.10 Prelogue:35
######### End #########

Dealing with vgg_A.in
######### Using Theory2 #########
Total PE: 128 Total time: 144.35 CPU Used Ratio: 0.97
######### End #########
######### Using Theory3 #########
Total PE: 128 Total time: 429.57 CPU Used Ratio: 0.33 RES Prelogue:59
######### End #########
######### Using TheoryDAC #########
Total PE: 128 Total time: 1434.16 CPU Used Ratio: 0.10 Prelogue:35
######### End #########

Dealing with vgg_B.in
######### Using Theory2 #########
Total PE: 128 Total time: 229.70 CPU Used Ratio: 0.97
######### End #########
######### Using Theory3 #########
Total PE: 128 Total time: 661.35 CPU Used Ratio: 0.34 RES Prelogue:66
######### End #########
######### Using TheoryDAC #########
Total PE: 128 Total time: 2180.75 CPU Used Ratio: 0.10 Prelogue:34
######### End #########

Dealing with vgg_C.in
######### Using Theory2 #########
Total PE: 128 Total time: 239.31 CPU Used Ratio: 0.97
######### End #########
######### Using Theory3 #########
Total PE: 128 Total time: 715.04 CPU Used Ratio: 0.32 RES Prelogue:74
######### End #########
######### Using TheoryDAC #########
Total PE: 128 Total time: 2106.75 CPU Used Ratio: 0.11 Prelogue:31
######### End #########

Dealing with vgg_D.in
######### Using Theory2 #########
Total PE: 128 Total time: 327.63 CPU Used Ratio: 0.97
######### End #########
######### Using Theory3 #########
Total PE: 128 Total time: 871.14 CPU Used Ratio: 0.36 RES Prelogue:76
######### End #########
######### Using TheoryDAC #########
Total PE: 128 Total time: 3283.46 CPU Used Ratio: 0.10 Prelogue:35
######### End #########

Dealing with vgg_E.in
######### Using Theory2 #########
Total PE: 128 Total time: 384.53 CPU Used Ratio: 0.97
######### End #########
######### Using Theory3 #########
Total PE: 128 Total time: 993.85 CPU Used Ratio: 0.37 RES Prelogue:90
######### End #########
######### Using TheoryDAC #########
Total PE: 128 Total time: 3914.91 CPU Used Ratio: 0.10 Prelogue:39
######### End #########

Dealing with vgg_defoult.in
######### Using Theory2 #########
Total PE: 128 Total time: 313.54 CPU Used Ratio: 0.97
######### End #########
######### Using Theory3 #########
Total PE: 128 Total time: 754.66 CPU Used Ratio: 0.40 RES Prelogue:64
######### End #########
######### Using TheoryDAC #########
Total PE: 128 Total time: 2634.80 CPU Used Ratio: 0.12 Prelogue:30
######### End #########

