Dealing with LeNet.in
######### Using Theory2 #########
Total PE: 64 Total time: 2.00 CPU Used Ratio: 0.98
######### End #########
######### Using Theory3 #########
Total PE: 64 Total time: 3.52 CPU Used Ratio: 0.56 RES Prelogue:22
######### End #########
######### Using TheoryDAC #########
Total PE: 64 Total time: 5.54 CPU Used Ratio: 0.36 Prelogue:13
######### End #########

Dealing with alexnet_mnist.in
######### Using Theory2 #########
Total PE: 64 Total time: 59.68 CPU Used Ratio: 0.99
######### End #########
######### Using Theory3 #########
Total PE: 64 Total time: 123.05 CPU Used Ratio: 0.48 RES Prelogue:69
######### End #########
######### Using TheoryDAC #########
Total PE: 64 Total time: 300.16 CPU Used Ratio: 0.20 Prelogue:31
######### End #########

Dealing with alexnet_oxflowers17.in
######### Using Theory2 #########
Total PE: 64 Total time: 174.70 CPU Used Ratio: 0.99
######### End #########
######### Using Theory3 #########
Total PE: 64 Total time: 345.67 CPU Used Ratio: 0.50 RES Prelogue:47
######### End #########
######### Using TheoryDAC #########
Total PE: 64 Total time: 813.84 CPU Used Ratio: 0.21 Prelogue:28
######### End #########

Dealing with cnn_sentence_classif.in
######### Using Theory2 #########
Total PE: 64 Total time: 1.95 CPU Used Ratio: 0.99
######### End #########
######### Using Theory3 #########
Total PE: 64 Total time: 3.50 CPU Used Ratio: 0.55 RES Prelogue:43
######### End #########
######### Using TheoryDAC #########
Total PE: 64 Total time: 7.44 CPU Used Ratio: 0.26 Prelogue:21
######### End #########

Dealing with convnet_highway_mnist.in
######### Using Theory2 #########
Total PE: 64 Total time: 2.15 CPU Used Ratio: 0.99
######### End #########
######### Using Theory3 #########
Total PE: 64 Total time: 5.30 CPU Used Ratio: 0.40 RES Prelogue:175
######### End #########
######### Using TheoryDAC #########
Total PE: 64 Total time: 22.79 CPU Used Ratio: 0.09 Prelogue:84
######### End #########

Dealing with funll_count_dense_model.in
######### Using Theory2 #########
Total PE: 64 Total time: 0.05 CPU Used Ratio: 1.00
######### End #########
######### Using Theory3 #########
Total PE: 64 Total time: 0.09 CPU Used Ratio: 0.60 RES Prelogue:41
######### End #########
######### Using TheoryDAC #########
Total PE: 64 Total time: 0.18 CPU Used Ratio: 0.29 Prelogue:21
######### End #########

Dealing with googlenet_oxflowers17.in
######### Using Theory2 #########
Total PE: 64 Total time: 257.29 CPU Used Ratio: 0.99
######### End #########
######### Using Theory3 #########
Total PE: 64 Total time: 484.37 CPU Used Ratio: 0.53 RES Prelogue:90
######### End #########
######### Using TheoryDAC #########
Total PE: 64 Total time: 1456.54 CPU Used Ratio: 0.18 Prelogue:47
######### End #########

Dealing with vgg_A-LEN.in
######### Using Theory2 #########
Total PE: 64 Total time: 592.13 CPU Used Ratio: 0.98
######### End #########
######### Using Theory3 #########
Total PE: 64 Total time: 1143.41 CPU Used Ratio: 0.51 RES Prelogue:59
######### End #########
######### Using TheoryDAC #########
Total PE: 64 Total time: 3149.51 CPU Used Ratio: 0.18 Prelogue:33
######### End #########

Dealing with vgg_A.in
######### Using Theory2 #########
Total PE: 64 Total time: 283.98 CPU Used Ratio: 0.99
######### End #########
######### Using Theory3 #########
Total PE: 64 Total time: 640.73 CPU Used Ratio: 0.44 RES Prelogue:68
######### End #########
######### Using TheoryDAC #########
Total PE: 64 Total time: 1569.04 CPU Used Ratio: 0.18 Prelogue:35
######### End #########

Dealing with vgg_B.in
######### Using Theory2 #########
Total PE: 64 Total time: 451.78 CPU Used Ratio: 0.99
######### End #########
######### Using Theory3 #########
Total PE: 64 Total time: 916.30 CPU Used Ratio: 0.49 RES Prelogue:72
######### End #########
######### Using TheoryDAC #########
Total PE: 64 Total time: 2631.84 CPU Used Ratio: 0.17 Prelogue:38
######### End #########

Dealing with vgg_C.in
######### Using Theory2 #########
Total PE: 64 Total time: 470.71 CPU Used Ratio: 0.99
######### End #########
######### Using Theory3 #########
Total PE: 64 Total time: 951.18 CPU Used Ratio: 0.49 RES Prelogue:78
######### End #########
######### Using TheoryDAC #########
Total PE: 64 Total time: 2807.36 CPU Used Ratio: 0.17 Prelogue:39
######### End #########

Dealing with vgg_D.in
######### Using Theory2 #########
Total PE: 64 Total time: 644.42 CPU Used Ratio: 0.99
######### End #########
######### Using Theory3 #########
Total PE: 64 Total time: 1242.42 CPU Used Ratio: 0.51 RES Prelogue:80
######### End #########
######### Using TheoryDAC #########
Total PE: 64 Total time: 3663.31 CPU Used Ratio: 0.17 Prelogue:36
######### End #########

Dealing with vgg_E.in
######### Using Theory2 #########
Total PE: 64 Total time: 756.40 CPU Used Ratio: 0.98
######### End #########
######### Using Theory3 #########
Total PE: 64 Total time: 1499.46 CPU Used Ratio: 0.50 RES Prelogue:105
######### End #########
######### Using TheoryDAC #########
Total PE: 64 Total time: 5009.96 CPU Used Ratio: 0.15 Prelogue:45
######### End #########

Dealing with vgg_defoult.in
######### Using Theory2 #########
Total PE: 64 Total time: 616.61 CPU Used Ratio: 0.98
######### End #########
######### Using Theory3 #########
Total PE: 64 Total time: 1125.88 CPU Used Ratio: 0.54 RES Prelogue:71
######### End #########
######### Using TheoryDAC #########
Total PE: 64 Total time: 3284.73 CPU Used Ratio: 0.18 Prelogue:34
######### End #########

