Dealing with LeNet.in
######### Using Theory2 #########
Total PE: 16 Total time: 7.91 CPU Used Ratio: 1.00
######### End #########
######### Using Theory3 #########
Total PE: 16 Total time: 9.91 CPU Used Ratio: 0.79 RES Prelogue:32
######### End #########
######### Using TheoryDAC #########
Total PE: 16 Total time: 13.10 CPU Used Ratio: 0.60 Prelogue:18
######### End #########

Dealing with alexnet_mnist.in
######### Using Theory2 #########
Total PE: 16 Total time: 236.39 CPU Used Ratio: 1.00
######### End #########
######### Using Theory3 #########
Total PE: 16 Total time: 305.84 CPU Used Ratio: 0.77 RES Prelogue:73
######### End #########
######### Using TheoryDAC #########
Total PE: 16 Total time: 572.07 CPU Used Ratio: 0.41 Prelogue:42
######### End #########

Dealing with alexnet_oxflowers17.in
######### Using Theory2 #########
Total PE: 16 Total time: 691.88 CPU Used Ratio: 1.00
######### End #########
######### Using Theory3 #########
Total PE: 16 Total time: 986.76 CPU Used Ratio: 0.70 RES Prelogue:73
######### End #########
######### Using TheoryDAC #########
Total PE: 16 Total time: 1541.35 CPU Used Ratio: 0.45 Prelogue:36
######### End #########

Dealing with cnn_sentence_classif.in
######### Using Theory2 #########
Total PE: 16 Total time: 7.77 CPU Used Ratio: 1.00
######### End #########
######### Using Theory3 #########
Total PE: 16 Total time: 10.01 CPU Used Ratio: 0.78 RES Prelogue:53
######### End #########
######### Using TheoryDAC #########
Total PE: 16 Total time: 15.22 CPU Used Ratio: 0.51 Prelogue:27
######### End #########

Dealing with convnet_highway_mnist.in
######### Using Theory2 #########
Total PE: 16 Total time: 8.54 CPU Used Ratio: 1.00
######### End #########
######### Using Theory3 #########
Total PE: 16 Total time: 13.32 CPU Used Ratio: 0.64 RES Prelogue:252
######### End #########
######### Using TheoryDAC #########
Total PE: 16 Total time: 31.64 CPU Used Ratio: 0.27 Prelogue:147
######### End #########

Dealing with funll_count_dense_model.in
######### Using Theory2 #########
Total PE: 16 Total time: 0.21 CPU Used Ratio: 1.00
######### End #########
######### Using Theory3 #########
Total PE: 16 Total time: 0.25 CPU Used Ratio: 0.81 RES Prelogue:58
######### End #########
######### Using TheoryDAC #########
Total PE: 16 Total time: 0.38 CPU Used Ratio: 0.54 Prelogue:29
######### End #########

Dealing with googlenet_oxflowers17.in
######### Using Theory2 #########
Total PE: 16 Total time: 1021.72 CPU Used Ratio: 1.00
######### End #########
######### Using Theory3 #########
Total PE: 16 Total time: 1511.83 CPU Used Ratio: 0.67 RES Prelogue:121
######### End #########
######### Using TheoryDAC #########
Total PE: 16 Total time: 2714.68 CPU Used Ratio: 0.38 Prelogue:65
######### End #########

Dealing with vgg_A-LEN.in
######### Using Theory2 #########
Total PE: 16 Total time: 2337.46 CPU Used Ratio: 1.00
######### End #########
######### Using Theory3 #########
Total PE: 16 Total time: 3321.88 CPU Used Ratio: 0.70 RES Prelogue:102
######### End #########
######### Using TheoryDAC #########
Total PE: 16 Total time: 5766.98 CPU Used Ratio: 0.40 Prelogue:45
######### End #########

Dealing with vgg_A.in
######### Using Theory2 #########
Total PE: 16 Total time: 1122.25 CPU Used Ratio: 1.00
######### End #########
######### Using Theory3 #########
Total PE: 16 Total time: 1690.06 CPU Used Ratio: 0.66 RES Prelogue:95
######### End #########
######### Using TheoryDAC #########
Total PE: 16 Total time: 3003.29 CPU Used Ratio: 0.37 Prelogue:51
######### End #########

Dealing with vgg_B.in
######### Using Theory2 #########
Total PE: 16 Total time: 1785.56 CPU Used Ratio: 1.00
######### End #########
######### Using Theory3 #########
Total PE: 16 Total time: 2481.54 CPU Used Ratio: 0.72 RES Prelogue:99
######### End #########
######### Using TheoryDAC #########
Total PE: 16 Total time: 4504.70 CPU Used Ratio: 0.40 Prelogue:48
######### End #########

Dealing with vgg_C.in
######### Using Theory2 #########
Total PE: 16 Total time: 1859.78 CPU Used Ratio: 1.00
######### End #########
######### Using Theory3 #########
Total PE: 16 Total time: 2600.04 CPU Used Ratio: 0.71 RES Prelogue:101
######### End #########
######### Using TheoryDAC #########
Total PE: 16 Total time: 5276.29 CPU Used Ratio: 0.35 Prelogue:57
######### End #########

Dealing with vgg_D.in
######### Using Theory2 #########
Total PE: 16 Total time: 2546.41 CPU Used Ratio: 1.00
######### End #########
######### Using Theory3 #########
Total PE: 16 Total time: 3601.37 CPU Used Ratio: 0.71 RES Prelogue:105
######### End #########
######### Using TheoryDAC #########
Total PE: 16 Total time: 6615.82 CPU Used Ratio: 0.38 Prelogue:51
######### End #########

Dealing with vgg_E.in
######### Using Theory2 #########
Total PE: 16 Total time: 2988.16 CPU Used Ratio: 1.00
######### End #########
######### Using Theory3 #########
Total PE: 16 Total time: 4179.51 CPU Used Ratio: 0.71 RES Prelogue:141
######### End #########
######### Using TheoryDAC #########
Total PE: 16 Total time: 7600.53 CPU Used Ratio: 0.39 Prelogue:84
######### End #########

Dealing with vgg_defoult.in
######### Using Theory2 #########
Total PE: 16 Total time: 2435.67 CPU Used Ratio: 1.00
######### End #########
######### Using Theory3 #########
Total PE: 16 Total time: 3394.06 CPU Used Ratio: 0.72 RES Prelogue:100
######### End #########
######### Using TheoryDAC #########
Total PE: 16 Total time: 5957.28 CPU Used Ratio: 0.41 Prelogue:46
######### End #########

