Dealing with LeNet.in
######### Using Theory1 #########
Multi:89 UpBound:61096 UpRound:20 UpBound:61096 UpRound:17 TotalTime:3360280 Prelogue:1771784 Retiming:29 RunOnCache:1027 RunOnDRAM:1106734 CPURatio:0.293686
######### End #########
######### Using Theory2 #########
PhasePE:63 IterationPE:64 Ratio of Phase:0.040697 Shift:1 Cross:0 TotalTime:13226472 Prelogue:0 Retiming:0 RunOnCache:597744 RunOnDRAM:147168 CPURatio:0.074613
######### End #########
Dealing with alexnet_mnist.in
######### Using Theory1 #########
Reduce Cost Multi:475 UpBound:35000 UpRound:29 TotalTime:4095000 Prelogue:2905000 Retiming:83 RunOnCache:442 RunOnDRAM:2431034 CPURatio:0.266661
######### End #########
######### Using Theory2 #########
Reduce Cost PhasePE:255 IterationPE:256 Ratio of Phase:0.012926 Shift:1 Cross:0 TotalTime:44084500 Prelogue:0 Retiming:0 RunOnCache:1968000 RunOnDRAM:498000 CPURatio:0.024770
######### End #########
Dealing with alexnet_oxflowers17.in
######### Using Theory1 #########
Reduce Cost Multi:433 UpBound:35000 UpRound:38 TotalTime:3780000 Prelogue:2870000 Retiming:82 RunOnCache:806 RunOnDRAM:2166866 CPURatio:0.223715
######### End #########
######### Using Theory2 #########
Reduce Cost PhasePE:255 IterationPE:256 Ratio of Phase:0.005383 Shift:1 Cross:0 TotalTime:85447000 Prelogue:0 Retiming:0 RunOnCache:1751000 RunOnDRAM:443000 CPURatio:0.009897
######### End #########
Dealing with cnn_sentence_classif.in
######### Using Theory1 #########
Multi:421 UpBound:33123 UpRound:31 TotalTime:2815455 Prelogue:1755519 Retiming:53 RunOnCache:3840 RunOnDRAM:2138880 CPURatio:0.346296
######### End #########
######### Using Theory2 #########
PhasePE:255 IterationPE:256 Ratio of Phase:0.016607 Shift:1 Cross:0 TotalTime:29478250 Prelogue:0 Retiming:0 RunOnCache:1908000 RunOnDRAM:252000 CPURatio:0.033075
######### End #########
Dealing with convnet_highway_mnist.in
######### Using Theory1 #########
Multi:1471 UpBound:17715 UpRound:15 TotalTime:4216170 Prelogue:3046980 Retiming:172 RunOnCache:1848 RunOnDRAM:8134962 CPURatio:0.256879
######### End #########
######### Using Theory2 #########
PhasePE:1471 IterationPE:1472 Ratio of Phase:0.010875 Shift:0 Cross:0 TotalTime:67953000 Prelogue:0 Retiming:0 RunOnCache:7008000 RunOnDRAM:1211000 CPURatio:0.015938
######### End #########
Dealing with funll_count_dense_model.in
######### Using Theory1 #########
Multi:197 UpBound:818 UpRound:20 UpBound:818 UpRound:6 TotalTime:70348 Prelogue:38446 Retiming:47 RunOnCache:12184 RunOnDRAM:1189280 CPURatio:0.407683
######### End #########
######### Using Theory2 #########
PhasePE:127 IterationPE:128 Ratio of Phase:0.024780 Shift:1 Cross:0 TotalTime:839500 Prelogue:0 Retiming:0 RunOnCache:1186000 RunOnDRAM:35000 CPURatio:0.034163
######### End #########
Dealing with googlenet_oxflowers17.in
######### Using Theory1 #########
Reduce Cost Multi:2542 UpBound:35000 UpRound:16 TotalTime:7070000 Prelogue:4900000 Retiming:140 RunOnCache:248 RunOnDRAM:11381960 CPURatio:0.279118
######### End #########
######### Using Theory2 #########
Reduce Cost PhasePE:2542 IterationPE:2543 Ratio of Phase:0.005444 Shift:0 Cross:0 TotalTime:362481000 Prelogue:0 Retiming:0 RunOnCache:8706000 RunOnDRAM:2768000 CPURatio:0.005444
######### End #########
Dealing with vgg_A-LEN.in
######### Using Theory1 #########
Reduce Cost Multi:909 UpBound:35000 UpRound:29 TotalTime:4935000 Prelogue:3745000 Retiming:107 RunOnCache:646 RunOnDRAM:3963074 CPURatio:0.220267
######### End #########
######### Using Theory2 #########
Reduce Cost PhasePE:909 IterationPE:910 Ratio of Phase:0.002006 Shift:0 Cross:0 TotalTime:281284750 Prelogue:0 Retiming:0 RunOnCache:3114000 RunOnDRAM:906000 CPURatio:0.003864
######### End #########
Dealing with vgg_A.in
######### Using Theory1 #########
Reduce Cost Multi:747 UpBound:35000 UpRound:32 TotalTime:4620000 Prelogue:3535000 Retiming:101 RunOnCache:1333 RunOnDRAM:3425035 CPURatio:0.217493
######### End #########
######### Using Theory2 #########
Reduce Cost PhasePE:747 IterationPE:748 Ratio of Phase:0.002457 Shift:0 Cross:0 TotalTime:204733250 Prelogue:0 Retiming:0 RunOnCache:2694000 RunOnDRAM:760000 CPURatio:0.004908
######### End #########
Dealing with vgg_B.in
######### Using Theory1 #########
Reduce Cost Multi:855 UpBound:35000 UpRound:26 TotalTime:5425000 Prelogue:4095000 Retiming:117 RunOnCache:1102 RunOnDRAM:3842218 CPURatio:0.226210
######### End #########
######### Using Theory2 #########
Reduce Cost PhasePE:855 IterationPE:856 Ratio of Phase:0.002153 Shift:0 Cross:0 TotalTime:289571500 Prelogue:0 Retiming:0 RunOnCache:3013000 RunOnDRAM:877000 CPURatio:0.004238
######### End #########
Dealing with vgg_C.in
######### Using Theory1 #########
Reduce Cost Multi:1017 UpBound:35000 UpRound:25 TotalTime:5915000 Prelogue:4550000 Retiming:130 RunOnCache:819 RunOnDRAM:4429581 CPURatio:0.216446
######### End #########
######### Using Theory2 #########
Reduce Cost PhasePE:1017 IterationPE:1018 Ratio of Phase:0.002084 Shift:0 Cross:0 TotalTime:433810500 Prelogue:0 Retiming:0 RunOnCache:3496000 RunOnDRAM:1048000 CPURatio:0.002951
######### End #########
Dealing with vgg_D.in
######### Using Theory1 #########
Reduce Cost Multi:1017 UpBound:35000 UpRound:21 TotalTime:6195000 Prelogue:4550000 Retiming:130 RunOnCache:1175 RunOnDRAM:4483753 CPURatio:0.246317
######### End #########
######### Using Theory2 #########
Reduce Cost PhasePE:1017 IterationPE:1018 Ratio of Phase:0.002426 Shift:0 Cross:0 TotalTime:443170000 Prelogue:0 Retiming:0 RunOnCache:3496000 RunOnDRAM:1048000 CPURatio:0.003443
######### End #########
Dealing with vgg_E.in
######### Using Theory1 #########
Reduce Cost Multi:1179 UpBound:35000 UpRound:16 TotalTime:6650000 Prelogue:4480000 Retiming:128 RunOnCache:1178 RunOnDRAM:5155238 CPURatio:0.302333
######### End #########
######### Using Theory2 #########
Reduce Cost PhasePE:1179 IterationPE:1180 Ratio of Phase:0.002860 Shift:0 Cross:0 TotalTime:498048750 Prelogue:0 Retiming:0 RunOnCache:3979000 RunOnDRAM:1219000 CPURatio:0.004037
######### End #########
Dealing with vgg_defoult.in
######### Using Theory1 #########
Reduce Cost Multi:963 UpBound:35000 UpRound:20 TotalTime:5775000 Prelogue:4060000 Retiming:116 RunOnCache:1519 RunOnDRAM:4147801 CPURatio:0.279848
######### End #########
######### Using Theory2 #########
Reduce Cost PhasePE:963 IterationPE:964 Ratio of Phase:0.002544 Shift:0 Cross:0 TotalTime:322478000 Prelogue:0 Retiming:0 RunOnCache:3272000 RunOnDRAM:962000 CPURatio:0.005012
######### End #########
