Dealing with LeNet.in
######### Using Theory2 #########
Total PE: 256 Total time: 0.53 CPU Used Ratio: 0.94
######### End #########
######### Using Theory3 #########
Total PE: 256 Total time: 1.99 CPU Used Ratio: 0.25 NOR Prelogue:27 RES Prelogue:21
######### End #########
######### Using TheoryDAC #########
Total PE: 256 Total time: 4.20 CPU Used Ratio: 0.12 Prelogue:15
######### End #########

Dealing with alexnet_mnist.in
######### Using Theory2 #########
Total PE: 256 Total time: 15.39 CPU Used Ratio: 0.96
######### End #########
######### Using Theory3 #########
Total PE: 256 Total time: 81.49 CPU Used Ratio: 0.18 RES Prelogue:68
######### End #########
######### Using TheoryDAC #########
Total PE: 256 Total time: 207.52 CPU Used Ratio: 0.07 Prelogue:33
######### End #########

Dealing with alexnet_oxflowers17.in
######### Using Theory2 #########
Total PE: 256 Total time: 45.36 CPU Used Ratio: 0.95
######### End #########
######### Using Theory3 #########
Total PE: 256 Total time: 206.64 CPU Used Ratio: 0.21 RES Prelogue:51
######### End #########
######### Using TheoryDAC #########
Total PE: 256 Total time: 488.96 CPU Used Ratio: 0.09 Prelogue:27
######### End #########

Dealing with cnn_sentence_classif.in
######### Using Theory2 #########
Total PE: 256 Total time: 0.50 CPU Used Ratio: 0.96
######### End #########
######### Using Theory3 #########
Total PE: 256 Total time: 2.02 CPU Used Ratio: 0.24 RES Prelogue:45
######### End #########
######### Using TheoryDAC #########
Total PE: 256 Total time: 4.86 CPU Used Ratio: 0.10 Prelogue:22
######### End #########

Dealing with convnet_highway_mnist.in
######### Using Theory2 #########
Total PE: 256 Total time: 0.56 CPU Used Ratio: 0.96
######### End #########
######### Using Theory3 #########
Total PE: 256 Total time: 3.19 CPU Used Ratio: 0.17 RES Prelogue:147
######### End #########
######### Using TheoryDAC #########
Total PE: 256 Total time: 15.46 CPU Used Ratio: 0.03 Prelogue:92
######### End #########

Dealing with funll_count_dense_model.in
######### Using Theory2 #########
Total PE: 256 Total time: 0.01 CPU Used Ratio: 0.98
######### End #########
######### Using Theory3 #########
Total PE: 256 Total time: 0.05 CPU Used Ratio: 0.27 NOR Prelogue:40 RES Prelogue:43
######### End #########
######### Using TheoryDAC #########
Total PE: 256 Total time: 0.10 CPU Used Ratio: 0.13 Prelogue:21
######### End #########

Dealing with googlenet_oxflowers17.in
######### Using Theory2 #########
Total PE: 256 Total time: 66.46 CPU Used Ratio: 0.96
######### End #########
######### Using Theory3 #########
Total PE: 256 Total time: 236.06 CPU Used Ratio: 0.27 RES Prelogue:74
######### End #########
######### Using TheoryDAC #########
Total PE: 256 Total time: 866.87 CPU Used Ratio: 0.07 Prelogue:48
######### End #########

Dealing with vgg_A-LEN.in
######### Using Theory2 #########
Total PE: 256 Total time: 156.17 CPU Used Ratio: 0.93
######### End #########
######### Using Theory3 #########
Total PE: 256 Total time: 643.61 CPU Used Ratio: 0.23 RES Prelogue:52
######### End #########
######### Using TheoryDAC #########
Total PE: 256 Total time: 2168.39 CPU Used Ratio: 0.07 Prelogue:37
######### End #########

Dealing with vgg_A.in
######### Using Theory2 #########
Total PE: 256 Total time: 74.56 CPU Used Ratio: 0.94
######### End #########
######### Using Theory3 #########
Total PE: 256 Total time: 311.94 CPU Used Ratio: 0.22 RES Prelogue:53
######### End #########
######### Using TheoryDAC #########
Total PE: 256 Total time: 1086.94 CPU Used Ratio: 0.06 Prelogue:35
######### End #########

Dealing with vgg_B.in
######### Using Theory2 #########
Total PE: 256 Total time: 118.79 CPU Used Ratio: 0.94
######### End #########
######### Using Theory3 #########
Total PE: 256 Total time: 520.47 CPU Used Ratio: 0.21 RES Prelogue:66
######### End #########
######### Using TheoryDAC #########
Total PE: 256 Total time: 1978.61 CPU Used Ratio: 0.06 Prelogue:40
######### End #########

Dealing with vgg_C.in
######### Using Theory2 #########
Total PE: 256 Total time: 123.67 CPU Used Ratio: 0.94
######### End #########
######### Using Theory3 #########
Total PE: 256 Total time: 586.93 CPU Used Ratio: 0.20 RES Prelogue:72
######### End #########
######### Using TheoryDAC #########
Total PE: 256 Total time: 1795.38 CPU Used Ratio: 0.06 Prelogue:38
######### End #########

Dealing with vgg_D.in
######### Using Theory2 #########
Total PE: 256 Total time: 169.33 CPU Used Ratio: 0.94
######### End #########
######### Using Theory3 #########
Total PE: 256 Total time: 661.45 CPU Used Ratio: 0.24 RES Prelogue:68
######### End #########
######### Using TheoryDAC #########
Total PE: 256 Total time: 2379.65 CPU Used Ratio: 0.07 Prelogue:41
######### End #########

Dealing with vgg_E.in
######### Using Theory2 #########
Total PE: 256 Total time: 198.70 CPU Used Ratio: 0.94
######### End #########
######### Using Theory3 #########
Total PE: 256 Total time: 673.96 CPU Used Ratio: 0.28 RES Prelogue:73
######### End #########
######### Using TheoryDAC #########
Total PE: 256 Total time: 3018.21 CPU Used Ratio: 0.06 Prelogue:47
######### End #########

Dealing with vgg_defoult.in
######### Using Theory2 #########
Total PE: 256 Total time: 162.07 CPU Used Ratio: 0.94
######### End #########
######### Using Theory3 #########
Total PE: 256 Total time: 580.77 CPU Used Ratio: 0.26 RES Prelogue:64
######### End #########
######### Using TheoryDAC #########
Total PE: 256 Total time: 2042.55 CPU Used Ratio: 0.07 Prelogue:37
######### End #########

